Start testing: Jun 22 18:28 CEST
----------------------------------------------------------
1/1 Testing: SampleTest.AssertionTrue
1/1 Test: SampleTest.AssertionTrue
Command: "/Users/halilibrahim/Desktop/SS2024/ASE/GraphMicroservice/build/hello_test" "--gtest_filter=SampleTest.AssertionTrue" "--gtest_also_run_disabled_tests"
Directory: /Users/halilibrahim/Desktop/SS2024/ASE/GraphMicroservice/build
"SampleTest.AssertionTrue" start time: Jun 22 18:28 CEST
Output:
----------------------------------------------------------
Note: Google Test filter = SampleTest.AssertionTrue
[==========] Running 1 test from 1 test suite.
[----------] Global test environment set-up.
[----------] 1 test from SampleTest
[ RUN      ] SampleTest.AssertionTrue
[       OK ] SampleTest.AssertionTrue (0 ms)
[----------] 1 test from SampleTest (0 ms total)

[----------] Global test environment tear-down
[==========] 1 test from 1 test suite ran. (0 ms total)
[  PASSED  ] 1 test.
<end of output>
Test time =   0.01 sec
----------------------------------------------------------
Test Passed.
"SampleTest.AssertionTrue" end time: Jun 22 18:28 CEST
"SampleTest.AssertionTrue" time elapsed: 00:00:00
----------------------------------------------------------

End testing: Jun 22 18:28 CEST
